Started on Jun 20, 2021 1:01:07 AM
Started by event from 140.82.115.148 ⇒ http://54.226.75.133:8080/github-webhook/ on Sun Jun 20 01:01:07 UTC 2021
Polling SCM changes on master
Using strategy: Default
[poll] Last Built Revision: Revision 9100b4c05921c42854cd7bfae854cdb3b6b0383a (origin/main)
The recommended git tool is: NONE
using credential github
 > git rev-parse --resolve-git-dir /var/jenkins_home/workspace/Saturday/.git # timeout=10
Fetching changes from the remote Git repositories
 > git config remote.origin.url https://github.com/si3mshady/Jenkins-Docker-Udemy.git # timeout=10
Fetching upstream changes from https://github.com/si3mshady/Jenkins-Docker-Udemy.git
 > git --version # timeout=10
 > git --version # 'git version 2.20.1'
using GIT_ASKPASS to set credentials pw to github account
 > git fetch --tags --force --progress -- https://github.com/si3mshady/Jenkins-Docker-Udemy.git +refs/heads/*:refs/remotes/origin/* # timeout=10
Polling for changes in
Seen branch in repository origin/main
Seen 1 remote branch
 > git show-ref --tags -d # timeout=10
 > git log --full-history --no-abbrev --format=raw -M -m 9100b4c05921c42854cd7bfae854cdb3b6b0383a..1525c0681ad95583880b79d8111ac8c3be3df189 # timeout=10
Done. Took 0.19 sec
Changes found
